2025-05-28T10:13:22.532-04:00  INFO 31220 --- [nobs] [main] com.example.nobs.NobsApplication         : Starting NobsApplication using Java 17.0.10 with PID 31220 (C:\Users\mdpra\OneDrive\Documents\Marcos\SelfLearning\SpringBoot\nobs\target\classes started by mdpra in C:\Users\mdpra\OneDrive\Documents\Marcos\SelfLearning\SpringBoot\nobs)
2025-05-28T10:13:22.537-04:00  INFO 31220 --- [nobs] [main] com.example.nobs.NobsApplication         : No active profile set, falling back to 1 default profile: "default"
2025-05-28T10:13:23.734-04:00  INFO 31220 --- [nobs] [main] .s.d.r.c.RepositoryConfigurationDelegate : Bootstrapping Spring Data JPA repositories in DEFAULT mode.
2025-05-28T10:13:23.857-04:00  INFO 31220 --- [nobs] [main] .s.d.r.c.RepositoryConfigurationDelegate : Finished Spring Data repository scanning in 96 ms. Found 2 JPA repository interfaces.
2025-05-28T10:13:24.736-04:00  INFO 31220 --- [nobs] [main] o.s.b.w.embedded.tomcat.TomcatWebServer  : Tomcat initialized with port 8080 (http)
2025-05-28T10:13:24.753-04:00  INFO 31220 --- [nobs] [main] o.apache.catalina.core.StandardService   : Starting service [Tomcat]
2025-05-28T10:13:24.754-04:00  INFO 31220 --- [nobs] [main] o.apache.catalina.core.StandardEngine    : Starting Servlet engine: [Apache Tomcat/10.1.41]
2025-05-28T10:13:24.862-04:00  INFO 31220 --- [nobs] [main] o.a.c.c.C.[Tomcat].[localhost].[/]       : Initializing Spring embedded WebApplicationContext
2025-05-28T10:13:24.863-04:00  INFO 31220 --- [nobs] [main] w.s.c.ServletWebServerApplicationContext : Root WebApplicationContext: initialization completed in 2253 ms
2025-05-28T10:13:25.065-04:00  INFO 31220 --- [nobs] [main] com.zaxxer.hikari.HikariDataSource       : HikariPool-1 - Starting...
2025-05-28T10:13:25.685-04:00  INFO 31220 --- [nobs] [main] com.zaxxer.hikari.pool.HikariPool        : HikariPool-1 - Added connection com.mysql.cj.jdbc.ConnectionImpl@68a305eb
2025-05-28T10:13:25.689-04:00  INFO 31220 --- [nobs] [main] com.zaxxer.hikari.HikariDataSource       : HikariPool-1 - Start completed.
2025-05-28T10:13:25.766-04:00  INFO 31220 --- [nobs] [main] o.hibernate.jpa.internal.util.LogHelper  : HHH000204: Processing PersistenceUnitInfo [name: default]
2025-05-28T10:13:25.868-04:00  INFO 31220 --- [nobs] [main] org.hibernate.Version                    : HHH000412: Hibernate ORM core version 6.6.15.Final
2025-05-28T10:13:25.947-04:00  INFO 31220 --- [nobs] [main] o.h.c.internal.RegionFactoryInitiator    : HHH000026: Second-level cache disabled
2025-05-28T10:13:26.452-04:00  INFO 31220 --- [nobs] [main] o.s.o.j.p.SpringPersistenceUnitInfo      : No LoadTimeWeaver setup: ignoring JPA class transformer
2025-05-28T10:13:26.640-04:00  INFO 31220 --- [nobs] [main] org.hibernate.orm.connections.pooling    : HHH10001005: Database info:
	Database JDBC URL [Connecting through datasource 'HikariDataSource (HikariPool-1)']
	Database driver: undefined/unknown
	Database version: 8.0.39
	Autocommit mode: undefined/unknown
	Isolation level: undefined/unknown
	Minimum pool size: undefined/unknown
	Maximum pool size: undefined/unknown
2025-05-28T10:13:27.913-04:00  INFO 31220 --- [nobs] [main] o.h.e.t.j.p.i.JtaPlatformInitiator       : HHH000489: No JTA platform available (set 'hibernate.transaction.jta.platform' to enable JTA platform integration)
2025-05-28T10:13:27.919-04:00  INFO 31220 --- [nobs] [main] j.LocalContainerEntityManagerFactoryBean : Initialized JPA EntityManagerFactory for persistence unit 'default'
2025-05-28T10:13:28.288-04:00  INFO 31220 --- [nobs] [main] o.s.d.j.r.query.QueryEnhancerFactory     : Hibernate is in classpath; If applicable, HQL parser will be used.
2025-05-28T10:13:28.973-04:00  WARN 31220 --- [nobs] [main] JpaBaseConfiguration$JpaWebConfiguration : spring.jpa.open-in-view is enabled by default. Therefore, database queries may be performed during view rendering. Explicitly configure spring.jpa.open-in-view to disable this warning
2025-05-28T10:13:29.545-04:00  INFO 31220 --- [nobs] [main] o.s.b.w.embedded.tomcat.TomcatWebServer  : Tomcat started on port 8080 (http) with context path '/'
2025-05-28T10:13:29.560-04:00  INFO 31220 --- [nobs] [main] com.example.nobs.NobsApplication         : Started NobsApplication in 7.791 seconds (process running for 8.231)
2025-05-28T10:13:34.144-04:00  INFO 31220 --- [nobs] [http-nio-8080-exec-1] o.a.c.c.C.[Tomcat].[localhost].[/]       : Initializing Spring DispatcherServlet 'dispatcherServlet'
2025-05-28T10:13:34.145-04:00  INFO 31220 --- [nobs] [http-nio-8080-exec-1] o.s.web.servlet.DispatcherServlet        : Initializing Servlet 'dispatcherServlet'
2025-05-28T10:13:34.148-04:00  INFO 31220 --- [nobs] [http-nio-8080-exec-1] o.s.web.servlet.DispatcherServlet        : Completed initialization in 3 ms
2025-05-28T10:13:34.233-04:00  INFO 31220 --- [nobs] [http-nio-8080-exec-1] c.e.n.p.services.GetProductService       : Executing class com.example.nobs.product.services.GetProductService input: 20
2025-05-28T10:13:34.406-04:00 ERROR 31220 --- [nobs] [http-nio-8080-exec-1] c.e.n.e.ProductNotFoundException         : Exception class com.example.nobs.exceptions.ProductNotFoundException thrown
2025-05-28T21:08:12.562-04:00  INFO 22288 --- [nobs] [main] com.example.nobs.NobsApplication         : Starting NobsApplication using Java 17.0.10 with PID 22288 (C:\Users\mdpra\OneDrive\Documents\Marcos\SelfLearning\SpringBoot\nobs\target\classes started by mdpra in C:\Users\mdpra\OneDrive\Documents\Marcos\SelfLearning\SpringBoot\nobs)
2025-05-28T21:08:12.567-04:00  INFO 22288 --- [nobs] [main] com.example.nobs.NobsApplication         : No active profile set, falling back to 1 default profile: "default"
2025-05-28T21:08:14.261-04:00  INFO 22288 --- [nobs] [main] .s.d.r.c.RepositoryConfigurationDelegate : Bootstrapping Spring Data JPA repositories in DEFAULT mode.
2025-05-28T21:08:14.481-04:00  INFO 22288 --- [nobs] [main] .s.d.r.c.RepositoryConfigurationDelegate : Finished Spring Data repository scanning in 194 ms. Found 2 JPA repository interfaces.
2025-05-28T21:08:16.084-04:00  INFO 22288 --- [nobs] [main] o.s.b.w.embedded.tomcat.TomcatWebServer  : Tomcat initialized with port 8080 (http)
2025-05-28T21:08:16.113-04:00  INFO 22288 --- [nobs] [main] o.apache.catalina.core.StandardService   : Starting service [Tomcat]
2025-05-28T21:08:16.115-04:00  INFO 22288 --- [nobs] [main] o.apache.catalina.core.StandardEngine    : Starting Servlet engine: [Apache Tomcat/10.1.41]
2025-05-28T21:08:16.269-04:00  INFO 22288 --- [nobs] [main] o.a.c.c.C.[Tomcat].[localhost].[/]       : Initializing Spring embedded WebApplicationContext
2025-05-28T21:08:16.271-04:00  INFO 22288 --- [nobs] [main] w.s.c.ServletWebServerApplicationContext : Root WebApplicationContext: initialization completed in 3611 ms
2025-05-28T21:08:16.579-04:00  INFO 22288 --- [nobs] [main] com.zaxxer.hikari.HikariDataSource       : HikariPool-1 - Starting...
2025-05-28T21:08:17.432-04:00  INFO 22288 --- [nobs] [main] com.zaxxer.hikari.pool.HikariPool        : HikariPool-1 - Added connection com.mysql.cj.jdbc.ConnectionImpl@2fe2965c
2025-05-28T21:08:17.436-04:00  INFO 22288 --- [nobs] [main] com.zaxxer.hikari.HikariDataSource       : HikariPool-1 - Start completed.
2025-05-28T21:08:17.521-04:00  INFO 22288 --- [nobs] [main] o.hibernate.jpa.internal.util.LogHelper  : HHH000204: Processing PersistenceUnitInfo [name: default]
2025-05-28T21:08:17.638-04:00  INFO 22288 --- [nobs] [main] org.hibernate.Version                    : HHH000412: Hibernate ORM core version 6.6.15.Final
2025-05-28T21:08:17.713-04:00  INFO 22288 --- [nobs] [main] o.h.c.internal.RegionFactoryInitiator    : HHH000026: Second-level cache disabled
2025-05-28T21:08:18.258-04:00  INFO 22288 --- [nobs] [main] o.s.o.j.p.SpringPersistenceUnitInfo      : No LoadTimeWeaver setup: ignoring JPA class transformer
2025-05-28T21:08:18.531-04:00  INFO 22288 --- [nobs] [main] org.hibernate.orm.connections.pooling    : HHH10001005: Database info:
	Database JDBC URL [Connecting through datasource 'HikariDataSource (HikariPool-1)']
	Database driver: undefined/unknown
	Database version: 8.0.39
	Autocommit mode: undefined/unknown
	Isolation level: undefined/unknown
	Minimum pool size: undefined/unknown
	Maximum pool size: undefined/unknown
2025-05-28T21:08:20.574-04:00  INFO 22288 --- [nobs] [main] o.h.e.t.j.p.i.JtaPlatformInitiator       : HHH000489: No JTA platform available (set 'hibernate.transaction.jta.platform' to enable JTA platform integration)
2025-05-28T21:08:20.580-04:00  INFO 22288 --- [nobs] [main] j.LocalContainerEntityManagerFactoryBean : Initialized JPA EntityManagerFactory for persistence unit 'default'
2025-05-28T21:08:21.191-04:00  INFO 22288 --- [nobs] [main] o.s.d.j.r.query.QueryEnhancerFactory     : Hibernate is in classpath; If applicable, HQL parser will be used.
2025-05-28T21:08:22.655-04:00  WARN 22288 --- [nobs] [main] JpaBaseConfiguration$JpaWebConfiguration : spring.jpa.open-in-view is enabled by default. Therefore, database queries may be performed during view rendering. Explicitly configure spring.jpa.open-in-view to disable this warning
2025-05-28T21:08:23.416-04:00  INFO 22288 --- [nobs] [main] o.s.b.w.embedded.tomcat.TomcatWebServer  : Tomcat started on port 8080 (http) with context path '/'
2025-05-28T21:08:23.435-04:00  INFO 22288 --- [nobs] [main] com.example.nobs.NobsApplication         : Started NobsApplication in 11.684 seconds (process running for 12.17)
2025-05-28T21:10:50.007-04:00  INFO 22288 --- [nobs] [http-nio-8080-exec-4] o.a.c.c.C.[Tomcat].[localhost].[/]       : Initializing Spring DispatcherServlet 'dispatcherServlet'
2025-05-28T21:10:50.022-04:00  INFO 22288 --- [nobs] [http-nio-8080-exec-4] o.s.web.servlet.DispatcherServlet        : Initializing Servlet 'dispatcherServlet'
2025-05-28T21:10:50.071-04:00  INFO 22288 --- [nobs] [http-nio-8080-exec-4] o.s.web.servlet.DispatcherServlet        : Completed initialization in 47 ms
2025-05-28T21:10:50.328-04:00  INFO 22288 --- [nobs] [http-nio-8080-exec-4] c.e.n.p.services.GetProductService       : Executing class com.example.nobs.product.services.GetProductService input: 2
2025-05-28T21:12:35.011-04:00  INFO 22288 --- [nobs] [http-nio-8080-exec-5] c.e.n.p.services.GetProductService       : Executing class com.example.nobs.product.services.GetProductService input: 2
2025-05-28T21:12:44.930-04:00  INFO 22288 --- [nobs] [http-nio-8080-exec-2] c.e.n.p.services.GetProductsService      : Executing class com.example.nobs.product.services.GetProductsService input: null
2025-05-28T21:12:55.264-04:00  INFO 22288 --- [nobs] [http-nio-8080-exec-7] c.e.n.p.services.GetProductService       : Executing class com.example.nobs.product.services.GetProductService input: 3
2025-05-28T21:13:01.837-04:00  INFO 22288 --- [nobs] [http-nio-8080-exec-8] c.e.n.p.services.GetProductService       : Executing class com.example.nobs.product.services.GetProductService input: 1
2025-05-28T21:13:11.702-04:00  INFO 14532 --- [nobs] [main] com.example.nobs.NobsApplication         : Starting NobsApplication using Java 17.0.10 with PID 14532 (C:\Users\mdpra\OneDrive\Documents\Marcos\SelfLearning\SpringBoot\nobs\target\classes started by mdpra in C:\Users\mdpra\OneDrive\Documents\Marcos\SelfLearning\SpringBoot\nobs)
2025-05-28T21:13:11.705-04:00  INFO 14532 --- [nobs] [main] com.example.nobs.NobsApplication         : No active profile set, falling back to 1 default profile: "default"
2025-05-28T21:13:12.693-04:00  INFO 14532 --- [nobs] [main] .s.d.r.c.RepositoryConfigurationDelegate : Bootstrapping Spring Data JPA repositories in DEFAULT mode.
2025-05-28T21:13:12.800-04:00  INFO 14532 --- [nobs] [main] .s.d.r.c.RepositoryConfigurationDelegate : Finished Spring Data repository scanning in 90 ms. Found 2 JPA repository interfaces.
2025-05-28T21:13:13.551-04:00  INFO 14532 --- [nobs] [main] o.s.b.w.embedded.tomcat.TomcatWebServer  : Tomcat initialized with port 8080 (http)
2025-05-28T21:13:13.569-04:00  INFO 14532 --- [nobs] [main] o.apache.catalina.core.StandardService   : Starting service [Tomcat]
2025-05-28T21:13:13.570-04:00  INFO 14532 --- [nobs] [main] o.apache.catalina.core.StandardEngine    : Starting Servlet engine: [Apache Tomcat/10.1.41]
2025-05-28T21:13:13.671-04:00  INFO 14532 --- [nobs] [main] o.a.c.c.C.[Tomcat].[localhost].[/]       : Initializing Spring embedded WebApplicationContext
2025-05-28T21:13:13.673-04:00  INFO 14532 --- [nobs] [main] w.s.c.ServletWebServerApplicationContext : Root WebApplicationContext: initialization completed in 1901 ms
2025-05-28T21:13:13.937-04:00  INFO 14532 --- [nobs] [main] com.zaxxer.hikari.HikariDataSource       : HikariPool-1 - Starting...
2025-05-28T21:13:14.521-04:00  INFO 14532 --- [nobs] [main] com.zaxxer.hikari.pool.HikariPool        : HikariPool-1 - Added connection com.mysql.cj.jdbc.ConnectionImpl@415795f3
2025-05-28T21:13:14.524-04:00  INFO 14532 --- [nobs] [main] com.zaxxer.hikari.HikariDataSource       : HikariPool-1 - Start completed.
2025-05-28T21:13:14.583-04:00  INFO 14532 --- [nobs] [main] o.hibernate.jpa.internal.util.LogHelper  : HHH000204: Processing PersistenceUnitInfo [name: default]
2025-05-28T21:13:14.668-04:00  INFO 14532 --- [nobs] [main] org.hibernate.Version                    : HHH000412: Hibernate ORM core version 6.6.15.Final
2025-05-28T21:13:14.729-04:00  INFO 14532 --- [nobs] [main] o.h.c.internal.RegionFactoryInitiator    : HHH000026: Second-level cache disabled
2025-05-28T21:13:15.194-04:00  INFO 14532 --- [nobs] [main] o.s.o.j.p.SpringPersistenceUnitInfo      : No LoadTimeWeaver setup: ignoring JPA class transformer
2025-05-28T21:13:15.385-04:00  INFO 14532 --- [nobs] [main] org.hibernate.orm.connections.pooling    : HHH10001005: Database info:
	Database JDBC URL [Connecting through datasource 'HikariDataSource (HikariPool-1)']
	Database driver: undefined/unknown
	Database version: 8.0.39
	Autocommit mode: undefined/unknown
	Isolation level: undefined/unknown
	Minimum pool size: undefined/unknown
	Maximum pool size: undefined/unknown
2025-05-28T21:13:16.456-04:00  INFO 14532 --- [nobs] [main] o.h.e.t.j.p.i.JtaPlatformInitiator       : HHH000489: No JTA platform available (set 'hibernate.transaction.jta.platform' to enable JTA platform integration)
2025-05-28T21:13:16.462-04:00  INFO 14532 --- [nobs] [main] j.LocalContainerEntityManagerFactoryBean : Initialized JPA EntityManagerFactory for persistence unit 'default'
2025-05-28T21:13:16.835-04:00  INFO 14532 --- [nobs] [main] o.s.d.j.r.query.QueryEnhancerFactory     : Hibernate is in classpath; If applicable, HQL parser will be used.
2025-05-28T21:13:17.406-04:00  WARN 14532 --- [nobs] [main] JpaBaseConfiguration$JpaWebConfiguration : spring.jpa.open-in-view is enabled by default. Therefore, database queries may be performed during view rendering. Explicitly configure spring.jpa.open-in-view to disable this warning
2025-05-28T21:13:17.873-04:00  INFO 14532 --- [nobs] [main] o.s.b.w.embedded.tomcat.TomcatWebServer  : Tomcat started on port 8080 (http) with context path '/'
2025-05-28T21:13:17.882-04:00  INFO 14532 --- [nobs] [main] com.example.nobs.NobsApplication         : Started NobsApplication in 6.827 seconds (process running for 7.269)
2025-05-28T21:13:26.936-04:00  INFO 14532 --- [nobs] [http-nio-8080-exec-1] o.a.c.c.C.[Tomcat].[localhost].[/]       : Initializing Spring DispatcherServlet 'dispatcherServlet'
2025-05-28T21:13:26.936-04:00  INFO 14532 --- [nobs] [http-nio-8080-exec-1] o.s.web.servlet.DispatcherServlet        : Initializing Servlet 'dispatcherServlet'
2025-05-28T21:13:26.939-04:00  INFO 14532 --- [nobs] [http-nio-8080-exec-1] o.s.web.servlet.DispatcherServlet        : Completed initialization in 2 ms
2025-05-28T21:13:27.000-04:00  INFO 14532 --- [nobs] [http-nio-8080-exec-1] c.e.n.p.services.GetProductService       : Executing class com.example.nobs.product.services.GetProductService input: 1
2025-05-28T21:13:32.594-04:00  INFO 14532 --- [nobs] [http-nio-8080-exec-4] c.e.n.p.services.GetProductService       : Executing class com.example.nobs.product.services.GetProductService input: 1
2025-05-28T21:13:37.303-04:00  INFO 14532 --- [nobs] [http-nio-8080-exec-3] c.e.n.p.services.GetProductService       : Executing class com.example.nobs.product.services.GetProductService input: 1
2025-05-28T21:15:01.616-04:00  INFO 14448 --- [nobs] [main] com.example.nobs.NobsApplication         : Starting NobsApplication using Java 17.0.10 with PID 14448 (C:\Users\mdpra\OneDrive\Documents\Marcos\SelfLearning\SpringBoot\nobs\target\classes started by mdpra in C:\Users\mdpra\OneDrive\Documents\Marcos\SelfLearning\SpringBoot\nobs)
2025-05-28T21:15:01.622-04:00  INFO 14448 --- [nobs] [main] com.example.nobs.NobsApplication         : No active profile set, falling back to 1 default profile: "default"
2025-05-28T21:15:03.062-04:00  INFO 14448 --- [nobs] [main] .s.d.r.c.RepositoryConfigurationDelegate : Bootstrapping Spring Data JPA repositories in DEFAULT mode.
2025-05-28T21:15:03.207-04:00  INFO 14448 --- [nobs] [main] .s.d.r.c.RepositoryConfigurationDelegate : Finished Spring Data repository scanning in 124 ms. Found 2 JPA repository interfaces.
2025-05-28T21:15:04.304-04:00  INFO 14448 --- [nobs] [main] o.s.b.w.embedded.tomcat.TomcatWebServer  : Tomcat initialized with port 8080 (http)
2025-05-28T21:15:04.322-04:00  INFO 14448 --- [nobs] [main] o.apache.catalina.core.StandardService   : Starting service [Tomcat]
2025-05-28T21:15:04.324-04:00  INFO 14448 --- [nobs] [main] o.apache.catalina.core.StandardEngine    : Starting Servlet engine: [Apache Tomcat/10.1.41]
2025-05-28T21:15:04.418-04:00  INFO 14448 --- [nobs] [main] o.a.c.c.C.[Tomcat].[localhost].[/]       : Initializing Spring embedded WebApplicationContext
2025-05-28T21:15:04.420-04:00  INFO 14448 --- [nobs] [main] w.s.c.ServletWebServerApplicationContext : Root WebApplicationContext: initialization completed in 2672 ms
2025-05-28T21:15:04.670-04:00  INFO 14448 --- [nobs] [main] com.zaxxer.hikari.HikariDataSource       : HikariPool-1 - Starting...
2025-05-28T21:15:05.242-04:00  INFO 14448 --- [nobs] [main] com.zaxxer.hikari.pool.HikariPool        : HikariPool-1 - Added connection com.mysql.cj.jdbc.ConnectionImpl@5df6163a
2025-05-28T21:15:05.246-04:00  INFO 14448 --- [nobs] [main] com.zaxxer.hikari.HikariDataSource       : HikariPool-1 - Start completed.
2025-05-28T21:15:05.326-04:00  INFO 14448 --- [nobs] [main] o.hibernate.jpa.internal.util.LogHelper  : HHH000204: Processing PersistenceUnitInfo [name: default]
2025-05-28T21:15:05.472-04:00  INFO 14448 --- [nobs] [main] org.hibernate.Version                    : HHH000412: Hibernate ORM core version 6.6.15.Final
2025-05-28T21:15:05.593-04:00  INFO 14448 --- [nobs] [main] o.h.c.internal.RegionFactoryInitiator    : HHH000026: Second-level cache disabled
2025-05-28T21:15:06.176-04:00  INFO 14448 --- [nobs] [main] o.s.o.j.p.SpringPersistenceUnitInfo      : No LoadTimeWeaver setup: ignoring JPA class transformer
2025-05-28T21:15:06.375-04:00  INFO 14448 --- [nobs] [main] org.hibernate.orm.connections.pooling    : HHH10001005: Database info:
	Database JDBC URL [Connecting through datasource 'HikariDataSource (HikariPool-1)']
	Database driver: undefined/unknown
	Database version: 8.0.39
	Autocommit mode: undefined/unknown
	Isolation level: undefined/unknown
	Minimum pool size: undefined/unknown
	Maximum pool size: undefined/unknown
2025-05-28T21:15:07.880-04:00  INFO 14448 --- [nobs] [main] o.h.e.t.j.p.i.JtaPlatformInitiator       : HHH000489: No JTA platform available (set 'hibernate.transaction.jta.platform' to enable JTA platform integration)
2025-05-28T21:15:07.885-04:00  INFO 14448 --- [nobs] [main] j.LocalContainerEntityManagerFactoryBean : Initialized JPA EntityManagerFactory for persistence unit 'default'
2025-05-28T21:15:08.315-04:00  INFO 14448 --- [nobs] [main] o.s.d.j.r.query.QueryEnhancerFactory     : Hibernate is in classpath; If applicable, HQL parser will be used.
2025-05-28T21:15:08.956-04:00  WARN 14448 --- [nobs] [main] JpaBaseConfiguration$JpaWebConfiguration : spring.jpa.open-in-view is enabled by default. Therefore, database queries may be performed during view rendering. Explicitly configure spring.jpa.open-in-view to disable this warning
2025-05-28T21:15:09.393-04:00  INFO 14448 --- [nobs] [main] o.s.b.w.embedded.tomcat.TomcatWebServer  : Tomcat started on port 8080 (http) with context path '/'
2025-05-28T21:15:09.405-04:00  INFO 14448 --- [nobs] [main] com.example.nobs.NobsApplication         : Started NobsApplication in 8.786 seconds (process running for 9.364)
2025-05-28T21:15:16.818-04:00  INFO 14448 --- [nobs] [http-nio-8080-exec-2] o.a.c.c.C.[Tomcat].[localhost].[/]       : Initializing Spring DispatcherServlet 'dispatcherServlet'
2025-05-28T21:15:16.819-04:00  INFO 14448 --- [nobs] [http-nio-8080-exec-2] o.s.web.servlet.DispatcherServlet        : Initializing Servlet 'dispatcherServlet'
2025-05-28T21:15:16.821-04:00  INFO 14448 --- [nobs] [http-nio-8080-exec-2] o.s.web.servlet.DispatcherServlet        : Completed initialization in 2 ms
2025-05-28T21:15:16.893-04:00  INFO 14448 --- [nobs] [http-nio-8080-exec-2] c.e.n.p.services.GetProductService       : Executing class com.example.nobs.product.services.GetProductService input: 1
2025-05-28T23:19:43.094-04:00  INFO 31336 --- [nobs] [main] com.example.nobs.NobsApplication         : Starting NobsApplication using Java 17.0.10 with PID 31336 (C:\Users\mdpra\OneDrive\Documents\Marcos\SelfLearning\SpringBoot\nobs\target\classes started by mdpra in C:\Users\mdpra\OneDrive\Documents\Marcos\SelfLearning\SpringBoot\nobs)
2025-05-28T23:19:43.099-04:00  INFO 31336 --- [nobs] [main] com.example.nobs.NobsApplication         : No active profile set, falling back to 1 default profile: "default"
2025-05-28T23:19:44.257-04:00  INFO 31336 --- [nobs] [main] .s.d.r.c.RepositoryConfigurationDelegate : Bootstrapping Spring Data JPA repositories in DEFAULT mode.
2025-05-28T23:19:44.375-04:00  INFO 31336 --- [nobs] [main] .s.d.r.c.RepositoryConfigurationDelegate : Finished Spring Data repository scanning in 99 ms. Found 2 JPA repository interfaces.
2025-05-28T23:19:45.307-04:00  INFO 31336 --- [nobs] [main] o.s.b.w.embedded.tomcat.TomcatWebServer  : Tomcat initialized with port 8080 (http)
2025-05-28T23:19:45.329-04:00  INFO 31336 --- [nobs] [main] o.apache.catalina.core.StandardService   : Starting service [Tomcat]
2025-05-28T23:19:45.330-04:00  INFO 31336 --- [nobs] [main] o.apache.catalina.core.StandardEngine    : Starting Servlet engine: [Apache Tomcat/10.1.41]
2025-05-28T23:19:45.418-04:00  INFO 31336 --- [nobs] [main] o.a.c.c.C.[Tomcat].[localhost].[/]       : Initializing Spring embedded WebApplicationContext
2025-05-28T23:19:45.419-04:00  INFO 31336 --- [nobs] [main] w.s.c.ServletWebServerApplicationContext : Root WebApplicationContext: initialization completed in 2243 ms
2025-05-28T23:19:45.631-04:00  INFO 31336 --- [nobs] [main] com.zaxxer.hikari.HikariDataSource       : HikariPool-1 - Starting...
2025-05-28T23:19:46.207-04:00  INFO 31336 --- [nobs] [main] com.zaxxer.hikari.pool.HikariPool        : HikariPool-1 - Added connection com.mysql.cj.jdbc.ConnectionImpl@b1b471
2025-05-28T23:19:46.213-04:00  INFO 31336 --- [nobs] [main] com.zaxxer.hikari.HikariDataSource       : HikariPool-1 - Start completed.
2025-05-28T23:19:46.290-04:00  INFO 31336 --- [nobs] [main] o.hibernate.jpa.internal.util.LogHelper  : HHH000204: Processing PersistenceUnitInfo [name: default]
2025-05-28T23:19:46.390-04:00  INFO 31336 --- [nobs] [main] org.hibernate.Version                    : HHH000412: Hibernate ORM core version 6.6.15.Final
2025-05-28T23:19:46.464-04:00  INFO 31336 --- [nobs] [main] o.h.c.internal.RegionFactoryInitiator    : HHH000026: Second-level cache disabled
2025-05-28T23:19:46.918-04:00  INFO 31336 --- [nobs] [main] o.s.o.j.p.SpringPersistenceUnitInfo      : No LoadTimeWeaver setup: ignoring JPA class transformer
2025-05-28T23:19:47.072-04:00  INFO 31336 --- [nobs] [main] org.hibernate.orm.connections.pooling    : HHH10001005: Database info:
	Database JDBC URL [Connecting through datasource 'HikariDataSource (HikariPool-1)']
	Database driver: undefined/unknown
	Database version: 8.0.39
	Autocommit mode: undefined/unknown
	Isolation level: undefined/unknown
	Minimum pool size: undefined/unknown
	Maximum pool size: undefined/unknown
2025-05-28T23:19:48.258-04:00  INFO 31336 --- [nobs] [main] o.h.e.t.j.p.i.JtaPlatformInitiator       : HHH000489: No JTA platform available (set 'hibernate.transaction.jta.platform' to enable JTA platform integration)
2025-05-28T23:19:48.262-04:00  INFO 31336 --- [nobs] [main] j.LocalContainerEntityManagerFactoryBean : Initialized JPA EntityManagerFactory for persistence unit 'default'
2025-05-28T23:19:48.914-04:00  INFO 31336 --- [nobs] [main] o.s.d.j.r.query.QueryEnhancerFactory     : Hibernate is in classpath; If applicable, HQL parser will be used.
2025-05-28T23:19:49.639-04:00  WARN 31336 --- [nobs] [main] JpaBaseConfiguration$JpaWebConfiguration : spring.jpa.open-in-view is enabled by default. Therefore, database queries may be performed during view rendering. Explicitly configure spring.jpa.open-in-view to disable this warning
2025-05-28T23:19:50.343-04:00  INFO 31336 --- [nobs] [main] o.s.b.w.embedded.tomcat.TomcatWebServer  : Tomcat started on port 8080 (http) with context path '/'
2025-05-28T23:19:50.360-04:00  INFO 31336 --- [nobs] [main] com.example.nobs.NobsApplication         : Started NobsApplication in 7.952 seconds (process running for 8.349)
2025-05-28T23:21:20.172-04:00  INFO 31336 --- [nobs] [http-nio-8080-exec-4] o.apache.coyote.http11.Http11Processor   : Error parsing HTTP request header
 Note: further occurrences of HTTP request parsing errors will be logged at DEBUG level.

java.lang.IllegalArgumentException: Invalid character found in method name [0x160x030x010x000xf70x010x000x000xf30x030x030x850xb90xdb0x8e0x1b0xab]7[0xd80x0a0x890xf7B0x160x1a0x920xee0x97b0xd0Wgt0xc8}0x970xa40xcc=0xd60xaa ]. HTTP method names must be tokens
	at org.apache.coyote.http11.Http11InputBuffer.parseRequestLine(Http11InputBuffer.java:403) ~[tomcat-embed-core-10.1.41.jar:10.1.41]
	at org.apache.coyote.http11.Http11Processor.service(Http11Processor.java:271) ~[tomcat-embed-core-10.1.41.jar:10.1.41]
	at org.apache.coyote.AbstractProcessorLight.process(AbstractProcessorLight.java:63) ~[tomcat-embed-core-10.1.41.jar:10.1.41]
	at org.apache.coyote.AbstractProtocol$ConnectionHandler.process(AbstractProtocol.java:903) ~[tomcat-embed-core-10.1.41.jar:10.1.41]
	at org.apache.tomcat.util.net.NioEndpoint$SocketProcessor.doRun(NioEndpoint.java:1740) ~[tomcat-embed-core-10.1.41.jar:10.1.41]
	at org.apache.tomcat.util.net.SocketProcessorBase.run(SocketProcessorBase.java:52) ~[tomcat-embed-core-10.1.41.jar:10.1.41]
	at org.apache.tomcat.util.threads.ThreadPoolExecutor.runWorker(ThreadPoolExecutor.java:1189) ~[tomcat-embed-core-10.1.41.jar:10.1.41]
	at org.apache.tomcat.util.threads.ThreadPoolExecutor$Worker.run(ThreadPoolExecutor.java:658) ~[tomcat-embed-core-10.1.41.jar:10.1.41]
	at org.apache.tomcat.util.threads.TaskThread$WrappingRunnable.run(TaskThread.java:63) ~[tomcat-embed-core-10.1.41.jar:10.1.41]
	at java.base/java.lang.Thread.run(Thread.java:842) ~[na:na]

2025-05-28T23:21:26.925-04:00  INFO 17856 --- [nobs] [main] com.example.nobs.NobsApplication         : Starting NobsApplication using Java 17.0.10 with PID 17856 (C:\Users\mdpra\OneDrive\Documents\Marcos\SelfLearning\SpringBoot\nobs\target\classes started by mdpra in C:\Users\mdpra\OneDrive\Documents\Marcos\SelfLearning\SpringBoot\nobs)
2025-05-28T23:21:26.930-04:00  INFO 17856 --- [nobs] [main] com.example.nobs.NobsApplication         : No active profile set, falling back to 1 default profile: "default"
2025-05-28T23:21:28.023-04:00  INFO 17856 --- [nobs] [main] .s.d.r.c.RepositoryConfigurationDelegate : Bootstrapping Spring Data JPA repositories in DEFAULT mode.
2025-05-28T23:21:28.140-04:00  INFO 17856 --- [nobs] [main] .s.d.r.c.RepositoryConfigurationDelegate : Finished Spring Data repository scanning in 98 ms. Found 2 JPA repository interfaces.
2025-05-28T23:21:29.192-04:00  INFO 17856 --- [nobs] [main] o.s.b.w.embedded.tomcat.TomcatWebServer  : Tomcat initialized with port 8080 (http)
2025-05-28T23:21:29.211-04:00  INFO 17856 --- [nobs] [main] o.apache.catalina.core.StandardService   : Starting service [Tomcat]
2025-05-28T23:21:29.212-04:00  INFO 17856 --- [nobs] [main] o.apache.catalina.core.StandardEngine    : Starting Servlet engine: [Apache Tomcat/10.1.41]
2025-05-28T23:21:29.307-04:00  INFO 17856 --- [nobs] [main] o.a.c.c.C.[Tomcat].[localhost].[/]       : Initializing Spring embedded WebApplicationContext
2025-05-28T23:21:29.309-04:00  INFO 17856 --- [nobs] [main] w.s.c.ServletWebServerApplicationContext : Root WebApplicationContext: initialization completed in 2318 ms
2025-05-28T23:21:29.480-04:00  INFO 17856 --- [nobs] [main] com.zaxxer.hikari.HikariDataSource       : HikariPool-1 - Starting...
2025-05-28T23:21:29.955-04:00  INFO 17856 --- [nobs] [main] com.zaxxer.hikari.pool.HikariPool        : HikariPool-1 - Added connection com.mysql.cj.jdbc.ConnectionImpl@526f6427
2025-05-28T23:21:29.957-04:00  INFO 17856 --- [nobs] [main] com.zaxxer.hikari.HikariDataSource       : HikariPool-1 - Start completed.
2025-05-28T23:21:30.016-04:00  INFO 17856 --- [nobs] [main] o.hibernate.jpa.internal.util.LogHelper  : HHH000204: Processing PersistenceUnitInfo [name: default]
2025-05-28T23:21:30.109-04:00  INFO 17856 --- [nobs] [main] org.hibernate.Version                    : HHH000412: Hibernate ORM core version 6.6.15.Final
2025-05-28T23:21:30.166-04:00  INFO 17856 --- [nobs] [main] o.h.c.internal.RegionFactoryInitiator    : HHH000026: Second-level cache disabled
2025-05-28T23:21:30.603-04:00  INFO 17856 --- [nobs] [main] o.s.o.j.p.SpringPersistenceUnitInfo      : No LoadTimeWeaver setup: ignoring JPA class transformer
2025-05-28T23:21:30.743-04:00  INFO 17856 --- [nobs] [main] org.hibernate.orm.connections.pooling    : HHH10001005: Database info:
	Database JDBC URL [Connecting through datasource 'HikariDataSource (HikariPool-1)']
	Database driver: undefined/unknown
	Database version: 8.0.39
	Autocommit mode: undefined/unknown
	Isolation level: undefined/unknown
	Minimum pool size: undefined/unknown
	Maximum pool size: undefined/unknown
2025-05-28T23:21:31.866-04:00  INFO 17856 --- [nobs] [main] o.h.e.t.j.p.i.JtaPlatformInitiator       : HHH000489: No JTA platform available (set 'hibernate.transaction.jta.platform' to enable JTA platform integration)
2025-05-28T23:21:31.869-04:00  INFO 17856 --- [nobs] [main] j.LocalContainerEntityManagerFactoryBean : Initialized JPA EntityManagerFactory for persistence unit 'default'
2025-05-28T23:21:32.248-04:00  INFO 17856 --- [nobs] [main] o.s.d.j.r.query.QueryEnhancerFactory     : Hibernate is in classpath; If applicable, HQL parser will be used.
2025-05-28T23:21:32.823-04:00  WARN 17856 --- [nobs] [main] JpaBaseConfiguration$JpaWebConfiguration : spring.jpa.open-in-view is enabled by default. Therefore, database queries may be performed during view rendering. Explicitly configure spring.jpa.open-in-view to disable this warning
2025-05-28T23:21:33.254-04:00  INFO 17856 --- [nobs] [main] o.s.b.w.embedded.tomcat.TomcatWebServer  : Tomcat started on port 8080 (http) with context path '/'
2025-05-28T23:21:33.267-04:00  INFO 17856 --- [nobs] [main] com.example.nobs.NobsApplication         : Started NobsApplication in 7.059 seconds (process running for 7.439)
2025-05-28T23:21:37.924-04:00  INFO 17856 --- [nobs] [http-nio-8080-exec-2] o.apache.coyote.http11.Http11Processor   : Error parsing HTTP request header
 Note: further occurrences of HTTP request parsing errors will be logged at DEBUG level.

java.lang.IllegalArgumentException: Invalid character found in method name [0x160x030x010x000xf70x010x000x000xf30x030x030x1fK}0x960xf7N0x070xa60x8em0xcf0xbe0xc60xfcGwb0x050xab0x160x0c<0xe20x8f0xc1X0xf5c0xb60xca0xa40xf4 ]. HTTP method names must be tokens
	at org.apache.coyote.http11.Http11InputBuffer.parseRequestLine(Http11InputBuffer.java:403) ~[tomcat-embed-core-10.1.41.jar:10.1.41]
	at org.apache.coyote.http11.Http11Processor.service(Http11Processor.java:271) ~[tomcat-embed-core-10.1.41.jar:10.1.41]
	at org.apache.coyote.AbstractProcessorLight.process(AbstractProcessorLight.java:63) ~[tomcat-embed-core-10.1.41.jar:10.1.41]
	at org.apache.coyote.AbstractProtocol$ConnectionHandler.process(AbstractProtocol.java:903) ~[tomcat-embed-core-10.1.41.jar:10.1.41]
	at org.apache.tomcat.util.net.NioEndpoint$SocketProcessor.doRun(NioEndpoint.java:1740) ~[tomcat-embed-core-10.1.41.jar:10.1.41]
	at org.apache.tomcat.util.net.SocketProcessorBase.run(SocketProcessorBase.java:52) ~[tomcat-embed-core-10.1.41.jar:10.1.41]
	at org.apache.tomcat.util.threads.ThreadPoolExecutor.runWorker(ThreadPoolExecutor.java:1189) ~[tomcat-embed-core-10.1.41.jar:10.1.41]
	at org.apache.tomcat.util.threads.ThreadPoolExecutor$Worker.run(ThreadPoolExecutor.java:658) ~[tomcat-embed-core-10.1.41.jar:10.1.41]
	at org.apache.tomcat.util.threads.TaskThread$WrappingRunnable.run(TaskThread.java:63) ~[tomcat-embed-core-10.1.41.jar:10.1.41]
	at java.base/java.lang.Thread.run(Thread.java:842) ~[na:na]

2025-05-28T23:25:18.514-04:00  INFO 7300 --- [nobs] [main] com.example.nobs.NobsApplication         : Starting NobsApplication using Java 17.0.10 with PID 7300 (C:\Users\mdpra\OneDrive\Documents\Marcos\SelfLearning\SpringBoot\nobs\target\classes started by mdpra in C:\Users\mdpra\OneDrive\Documents\Marcos\SelfLearning\SpringBoot\nobs)
2025-05-28T23:25:18.517-04:00  INFO 7300 --- [nobs] [main] com.example.nobs.NobsApplication         : No active profile set, falling back to 1 default profile: "default"
2025-05-28T23:25:19.404-04:00  INFO 7300 --- [nobs] [main] .s.d.r.c.RepositoryConfigurationDelegate : Bootstrapping Spring Data JPA repositories in DEFAULT mode.
2025-05-28T23:25:19.498-04:00  INFO 7300 --- [nobs] [main] .s.d.r.c.RepositoryConfigurationDelegate : Finished Spring Data repository scanning in 80 ms. Found 2 JPA repository interfaces.
2025-05-28T23:25:20.383-04:00  INFO 7300 --- [nobs] [main] o.s.b.w.embedded.tomcat.TomcatWebServer  : Tomcat initialized with port 8080 (http)
2025-05-28T23:25:20.404-04:00  INFO 7300 --- [nobs] [main] o.apache.catalina.core.StandardService   : Starting service [Tomcat]
2025-05-28T23:25:20.405-04:00  INFO 7300 --- [nobs] [main] o.apache.catalina.core.StandardEngine    : Starting Servlet engine: [Apache Tomcat/10.1.41]
2025-05-28T23:25:20.500-04:00  INFO 7300 --- [nobs] [main] o.a.c.c.C.[Tomcat].[localhost].[/]       : Initializing Spring embedded WebApplicationContext
2025-05-28T23:25:20.501-04:00  INFO 7300 --- [nobs] [main] w.s.c.ServletWebServerApplicationContext : Root WebApplicationContext: initialization completed in 1930 ms
2025-05-28T23:25:20.717-04:00  INFO 7300 --- [nobs] [main] com.zaxxer.hikari.HikariDataSource       : HikariPool-1 - Starting...
2025-05-28T23:25:21.402-04:00  INFO 7300 --- [nobs] [main] com.zaxxer.hikari.pool.HikariPool        : HikariPool-1 - Added connection com.mysql.cj.jdbc.ConnectionImpl@526f6427
2025-05-28T23:25:21.424-04:00  INFO 7300 --- [nobs] [main] com.zaxxer.hikari.HikariDataSource       : HikariPool-1 - Start completed.
2025-05-28T23:25:21.591-04:00  INFO 7300 --- [nobs] [main] o.hibernate.jpa.internal.util.LogHelper  : HHH000204: Processing PersistenceUnitInfo [name: default]
2025-05-28T23:25:21.704-04:00  INFO 7300 --- [nobs] [main] org.hibernate.Version                    : HHH000412: Hibernate ORM core version 6.6.15.Final
2025-05-28T23:25:21.785-04:00  INFO 7300 --- [nobs] [main] o.h.c.internal.RegionFactoryInitiator    : HHH000026: Second-level cache disabled
2025-05-28T23:25:22.304-04:00  INFO 7300 --- [nobs] [main] o.s.o.j.p.SpringPersistenceUnitInfo      : No LoadTimeWeaver setup: ignoring JPA class transformer
2025-05-28T23:25:22.628-04:00  INFO 7300 --- [nobs] [main] org.hibernate.orm.connections.pooling    : HHH10001005: Database info:
	Database JDBC URL [Connecting through datasource 'HikariDataSource (HikariPool-1)']
	Database driver: undefined/unknown
	Database version: 8.0.39
	Autocommit mode: undefined/unknown
	Isolation level: undefined/unknown
	Minimum pool size: undefined/unknown
	Maximum pool size: undefined/unknown
2025-05-28T23:25:24.157-04:00  INFO 7300 --- [nobs] [main] o.h.e.t.j.p.i.JtaPlatformInitiator       : HHH000489: No JTA platform available (set 'hibernate.transaction.jta.platform' to enable JTA platform integration)
2025-05-28T23:25:24.162-04:00  INFO 7300 --- [nobs] [main] j.LocalContainerEntityManagerFactoryBean : Initialized JPA EntityManagerFactory for persistence unit 'default'
2025-05-28T23:25:24.642-04:00  INFO 7300 --- [nobs] [main] o.s.d.j.r.query.QueryEnhancerFactory     : Hibernate is in classpath; If applicable, HQL parser will be used.
2025-05-28T23:25:25.181-04:00  WARN 7300 --- [nobs] [main] JpaBaseConfiguration$JpaWebConfiguration : spring.jpa.open-in-view is enabled by default. Therefore, database queries may be performed during view rendering. Explicitly configure spring.jpa.open-in-view to disable this warning
2025-05-28T23:25:25.666-04:00  INFO 7300 --- [nobs] [main] o.s.b.w.embedded.tomcat.TomcatWebServer  : Tomcat started on port 8080 (http) with context path '/'
2025-05-28T23:25:25.681-04:00  INFO 7300 --- [nobs] [main] com.example.nobs.NobsApplication         : Started NobsApplication in 7.779 seconds (process running for 8.173)
2025-05-28T23:25:35.314-04:00  INFO 7300 --- [nobs] [http-nio-8080-exec-1] o.apache.coyote.http11.Http11Processor   : Error parsing HTTP request header
 Note: further occurrences of HTTP request parsing errors will be logged at DEBUG level.

java.lang.IllegalArgumentException: Invalid character found in method name [0x160x030x010x000xf70x010x000x000xf30x030x030x95F]0xd7n0x130x8f0xc50xef0x1f0xbf0xab80x130x1a0xa00x920xe50xfe/40xa7q0x810xf40x110x80y0x1a0xc8n0xeb ]. HTTP method names must be tokens
	at org.apache.coyote.http11.Http11InputBuffer.parseRequestLine(Http11InputBuffer.java:403) ~[tomcat-embed-core-10.1.41.jar:10.1.41]
	at org.apache.coyote.http11.Http11Processor.service(Http11Processor.java:271) ~[tomcat-embed-core-10.1.41.jar:10.1.41]
	at org.apache.coyote.AbstractProcessorLight.process(AbstractProcessorLight.java:63) ~[tomcat-embed-core-10.1.41.jar:10.1.41]
	at org.apache.coyote.AbstractProtocol$ConnectionHandler.process(AbstractProtocol.java:903) ~[tomcat-embed-core-10.1.41.jar:10.1.41]
	at org.apache.tomcat.util.net.NioEndpoint$SocketProcessor.doRun(NioEndpoint.java:1740) ~[tomcat-embed-core-10.1.41.jar:10.1.41]
	at org.apache.tomcat.util.net.SocketProcessorBase.run(SocketProcessorBase.java:52) ~[tomcat-embed-core-10.1.41.jar:10.1.41]
	at org.apache.tomcat.util.threads.ThreadPoolExecutor.runWorker(ThreadPoolExecutor.java:1189) ~[tomcat-embed-core-10.1.41.jar:10.1.41]
	at org.apache.tomcat.util.threads.ThreadPoolExecutor$Worker.run(ThreadPoolExecutor.java:658) ~[tomcat-embed-core-10.1.41.jar:10.1.41]
	at org.apache.tomcat.util.threads.TaskThread$WrappingRunnable.run(TaskThread.java:63) ~[tomcat-embed-core-10.1.41.jar:10.1.41]
	at java.base/java.lang.Thread.run(Thread.java:842) ~[na:na]

2025-05-28T23:29:52.787-04:00  INFO 32184 --- [nobs] [main] com.example.nobs.NobsApplication         : Starting NobsApplication using Java 17.0.10 with PID 32184 (C:\Users\mdpra\OneDrive\Documents\Marcos\SelfLearning\SpringBoot\nobs\target\classes started by mdpra in C:\Users\mdpra\OneDrive\Documents\Marcos\SelfLearning\SpringBoot\nobs)
2025-05-28T23:29:52.792-04:00  INFO 32184 --- [nobs] [main] com.example.nobs.NobsApplication         : No active profile set, falling back to 1 default profile: "default"
2025-05-28T23:29:53.893-04:00  INFO 32184 --- [nobs] [main] .s.d.r.c.RepositoryConfigurationDelegate : Bootstrapping Spring Data JPA repositories in DEFAULT mode.
2025-05-28T23:29:54.003-04:00  INFO 32184 --- [nobs] [main] .s.d.r.c.RepositoryConfigurationDelegate : Finished Spring Data repository scanning in 93 ms. Found 2 JPA repository interfaces.
2025-05-28T23:29:54.922-04:00  INFO 32184 --- [nobs] [main] o.s.b.w.embedded.tomcat.TomcatWebServer  : Tomcat initialized with port 8080 (http)
2025-05-28T23:29:54.941-04:00  INFO 32184 --- [nobs] [main] o.apache.catalina.core.StandardService   : Starting service [Tomcat]
2025-05-28T23:29:54.941-04:00  INFO 32184 --- [nobs] [main] o.apache.catalina.core.StandardEngine    : Starting Servlet engine: [Apache Tomcat/10.1.41]
2025-05-28T23:29:55.030-04:00  INFO 32184 --- [nobs] [main] o.a.c.c.C.[Tomcat].[localhost].[/]       : Initializing Spring embedded WebApplicationContext
2025-05-28T23:29:55.031-04:00  INFO 32184 --- [nobs] [main] w.s.c.ServletWebServerApplicationContext : Root WebApplicationContext: initialization completed in 2163 ms
2025-05-28T23:29:55.248-04:00  INFO 32184 --- [nobs] [main] com.zaxxer.hikari.HikariDataSource       : HikariPool-1 - Starting...
2025-05-28T23:29:55.837-04:00  INFO 32184 --- [nobs] [main] com.zaxxer.hikari.pool.HikariPool        : HikariPool-1 - Added connection com.mysql.cj.jdbc.ConnectionImpl@526f6427
2025-05-28T23:29:55.841-04:00  INFO 32184 --- [nobs] [main] com.zaxxer.hikari.HikariDataSource       : HikariPool-1 - Start completed.
2025-05-28T23:29:55.915-04:00  INFO 32184 --- [nobs] [main] o.hibernate.jpa.internal.util.LogHelper  : HHH000204: Processing PersistenceUnitInfo [name: default]
2025-05-28T23:29:56.019-04:00  INFO 32184 --- [nobs] [main] org.hibernate.Version                    : HHH000412: Hibernate ORM core version 6.6.15.Final
2025-05-28T23:29:56.115-04:00  INFO 32184 --- [nobs] [main] o.h.c.internal.RegionFactoryInitiator    : HHH000026: Second-level cache disabled
2025-05-28T23:29:56.553-04:00  INFO 32184 --- [nobs] [main] o.s.o.j.p.SpringPersistenceUnitInfo      : No LoadTimeWeaver setup: ignoring JPA class transformer
2025-05-28T23:29:56.775-04:00  INFO 32184 --- [nobs] [main] org.hibernate.orm.connections.pooling    : HHH10001005: Database info:
	Database JDBC URL [Connecting through datasource 'HikariDataSource (HikariPool-1)']
	Database driver: undefined/unknown
	Database version: 8.0.39
	Autocommit mode: undefined/unknown
	Isolation level: undefined/unknown
	Minimum pool size: undefined/unknown
	Maximum pool size: undefined/unknown
2025-05-28T23:29:58.034-04:00  INFO 32184 --- [nobs] [main] o.h.e.t.j.p.i.JtaPlatformInitiator       : HHH000489: No JTA platform available (set 'hibernate.transaction.jta.platform' to enable JTA platform integration)
2025-05-28T23:29:58.038-04:00  INFO 32184 --- [nobs] [main] j.LocalContainerEntityManagerFactoryBean : Initialized JPA EntityManagerFactory for persistence unit 'default'
2025-05-28T23:29:58.471-04:00  INFO 32184 --- [nobs] [main] o.s.d.j.r.query.QueryEnhancerFactory     : Hibernate is in classpath; If applicable, HQL parser will be used.
2025-05-28T23:29:59.116-04:00  WARN 32184 --- [nobs] [main] JpaBaseConfiguration$JpaWebConfiguration : spring.jpa.open-in-view is enabled by default. Therefore, database queries may be performed during view rendering. Explicitly configure spring.jpa.open-in-view to disable this warning
2025-05-28T23:29:59.620-04:00  INFO 32184 --- [nobs] [main] o.s.b.w.embedded.tomcat.TomcatWebServer  : Tomcat started on port 8080 (http) with context path '/'
2025-05-28T23:29:59.638-04:00  INFO 32184 --- [nobs] [main] com.example.nobs.NobsApplication         : Started NobsApplication in 7.603 seconds (process running for 8.137)
2025-05-28T23:30:05.682-04:00  INFO 32184 --- [nobs] [http-nio-8080-exec-3] o.a.c.c.C.[Tomcat].[localhost].[/]       : Initializing Spring DispatcherServlet 'dispatcherServlet'
2025-05-28T23:30:05.683-04:00  INFO 32184 --- [nobs] [http-nio-8080-exec-3] o.s.web.servlet.DispatcherServlet        : Initializing Servlet 'dispatcherServlet'
2025-05-28T23:30:05.685-04:00  INFO 32184 --- [nobs] [http-nio-8080-exec-3] o.s.web.servlet.DispatcherServlet        : Completed initialization in 2 ms
2025-05-28T23:33:09.584-04:00  INFO 24836 --- [nobs] [main] com.example.nobs.NobsApplication         : Starting NobsApplication using Java 17.0.10 with PID 24836 (C:\Users\mdpra\OneDrive\Documents\Marcos\SelfLearning\SpringBoot\nobs\target\classes started by mdpra in C:\Users\mdpra\OneDrive\Documents\Marcos\SelfLearning\SpringBoot\nobs)
2025-05-28T23:33:09.588-04:00  INFO 24836 --- [nobs] [main] com.example.nobs.NobsApplication         : No active profile set, falling back to 1 default profile: "default"
2025-05-28T23:33:10.845-04:00  INFO 24836 --- [nobs] [main] .s.d.r.c.RepositoryConfigurationDelegate : Bootstrapping Spring Data JPA repositories in DEFAULT mode.
2025-05-28T23:33:10.953-04:00  INFO 24836 --- [nobs] [main] .s.d.r.c.RepositoryConfigurationDelegate : Finished Spring Data repository scanning in 94 ms. Found 2 JPA repository interfaces.
2025-05-28T23:33:12.209-04:00  INFO 24836 --- [nobs] [main] o.s.b.w.embedded.tomcat.TomcatWebServer  : Tomcat initialized with port 8080 (http)
2025-05-28T23:33:12.272-04:00  INFO 24836 --- [nobs] [main] o.apache.catalina.core.StandardService   : Starting service [Tomcat]
2025-05-28T23:33:12.273-04:00  INFO 24836 --- [nobs] [main] o.apache.catalina.core.StandardEngine    : Starting Servlet engine: [Apache Tomcat/10.1.41]
2025-05-28T23:33:12.491-04:00  INFO 24836 --- [nobs] [main] o.a.c.c.C.[Tomcat].[localhost].[/]       : Initializing Spring embedded WebApplicationContext
2025-05-28T23:33:12.492-04:00  INFO 24836 --- [nobs] [main] w.s.c.ServletWebServerApplicationContext : Root WebApplicationContext: initialization completed in 2841 ms
2025-05-28T23:33:12.821-04:00  INFO 24836 --- [nobs] [main] com.zaxxer.hikari.HikariDataSource       : HikariPool-1 - Starting...
2025-05-28T23:33:13.592-04:00  INFO 24836 --- [nobs] [main] com.zaxxer.hikari.pool.HikariPool        : HikariPool-1 - Added connection com.mysql.cj.jdbc.ConnectionImpl@492521c4
2025-05-28T23:33:13.596-04:00  INFO 24836 --- [nobs] [main] com.zaxxer.hikari.HikariDataSource       : HikariPool-1 - Start completed.
2025-05-28T23:33:13.685-04:00  INFO 24836 --- [nobs] [main] o.hibernate.jpa.internal.util.LogHelper  : HHH000204: Processing PersistenceUnitInfo [name: default]
2025-05-28T23:33:13.821-04:00  INFO 24836 --- [nobs] [main] org.hibernate.Version                    : HHH000412: Hibernate ORM core version 6.6.15.Final
2025-05-28T23:33:13.910-04:00  INFO 24836 --- [nobs] [main] o.h.c.internal.RegionFactoryInitiator    : HHH000026: Second-level cache disabled
2025-05-28T23:33:14.533-04:00  INFO 24836 --- [nobs] [main] o.s.o.j.p.SpringPersistenceUnitInfo      : No LoadTimeWeaver setup: ignoring JPA class transformer
2025-05-28T23:33:14.769-04:00  INFO 24836 --- [nobs] [main] org.hibernate.orm.connections.pooling    : HHH10001005: Database info:
	Database JDBC URL [Connecting through datasource 'HikariDataSource (HikariPool-1)']
	Database driver: undefined/unknown
	Database version: 8.0.39
	Autocommit mode: undefined/unknown
	Isolation level: undefined/unknown
	Minimum pool size: undefined/unknown
	Maximum pool size: undefined/unknown
2025-05-28T23:33:16.379-04:00  INFO 24836 --- [nobs] [main] o.h.e.t.j.p.i.JtaPlatformInitiator       : HHH000489: No JTA platform available (set 'hibernate.transaction.jta.platform' to enable JTA platform integration)
2025-05-28T23:33:16.383-04:00  INFO 24836 --- [nobs] [main] j.LocalContainerEntityManagerFactoryBean : Initialized JPA EntityManagerFactory for persistence unit 'default'
2025-05-28T23:33:16.995-04:00  INFO 24836 --- [nobs] [main] o.s.d.j.r.query.QueryEnhancerFactory     : Hibernate is in classpath; If applicable, HQL parser will be used.
2025-05-28T23:33:17.812-04:00  WARN 24836 --- [nobs] [main] JpaBaseConfiguration$JpaWebConfiguration : spring.jpa.open-in-view is enabled by default. Therefore, database queries may be performed during view rendering. Explicitly configure spring.jpa.open-in-view to disable this warning
2025-05-28T23:33:18.436-04:00  INFO 24836 --- [nobs] [main] o.s.b.w.embedded.tomcat.TomcatWebServer  : Tomcat started on port 8080 (http) with context path '/'
2025-05-28T23:33:18.454-04:00  INFO 24836 --- [nobs] [main] com.example.nobs.NobsApplication         : Started NobsApplication in 9.486 seconds (process running for 9.916)
2025-05-28T23:33:19.497-04:00  INFO 24836 --- [nobs] [http-nio-8080-exec-2] o.a.c.c.C.[Tomcat].[localhost].[/]       : Initializing Spring DispatcherServlet 'dispatcherServlet'
2025-05-28T23:33:19.498-04:00  INFO 24836 --- [nobs] [http-nio-8080-exec-2] o.s.web.servlet.DispatcherServlet        : Initializing Servlet 'dispatcherServlet'
2025-05-28T23:33:19.501-04:00  INFO 24836 --- [nobs] [http-nio-8080-exec-2] o.s.web.servlet.DispatcherServlet        : Completed initialization in 3 ms
